{
  "stats": {
    "suites": 15,
    "tests": 162,
    "passes": 161,
    "pending": 0,
    "failures": 1,
    "start": "2022-10-07T08:35:23.646Z",
    "end": "2022-10-07T08:37:53.104Z",
    "duration": 149458,
    "testsRegistered": 162,
    "passPercent": 99.38271604938271,
    "pendingPercent": 0,
    "other": 0,
    "hasOther": false,
    "skipped": 0,
    "hasSkipped": false
  },
  "results": [
    {
      "uuid": "b8182d1f-fe51-46d5-ad5b-2ce28aca1749",
      "title": "",
      "fullFile": "cypress/e2e/specs/userRegister.cy.js",
      "file": "cypress/e2e/specs/userRegister.cy.js",
      "beforeHooks": [],
      "afterHooks": [],
      "tests": [],
      "suites": [
        {
          "uuid": "4e4e32bf-5282-4660-a319-1f76d5d4aff4",
          "title": "User Form Test Cases",
          "fullFile": "",
          "file": "",
          "beforeHooks": [],
          "afterHooks": [],
          "tests": [
            {
              "title": "Go to WebPage",
              "fullTitle": "User Form Test Cases Go to WebPage",
              "timedOut": null,
              "duration": 1489,
              "state": "passed",
              "speed": "fast",
              "pass": true,
              "fail": false,
              "pending": false,
              "context": null,
              "code": "cy.visit(\"http://localhost:3000\");",
              "err": {},
              "uuid": "a35a3640-7ecc-4efd-ae50-880ce33cbaa4",
              "parentUUID": "4e4e32bf-5282-4660-a319-1f76d5d4aff4",
              "isHook": false,
              "skipped": false
            }
          ],
          "suites": [
            {
              "uuid": "4fa7506d-cf0a-43d7-91c3-d98ce8220696",
              "title": "First Name Field Test Cases",
              "fullFile": "",
              "file": "",
              "beforeHooks": [],
              "afterHooks": [],
              "tests": [
                {
                  "title": "First Name->Empty Field Not Allowed",
                  "fullTitle": "User Form Test Cases First Name Field Test Cases First Name->Empty Field Not Allowed",
                  "timedOut": null,
                  "duration": 352,
                  "state": "passed",
                  "speed": "fast",
                  "pass": true,
                  "fail": false,
                  "pending": false,
                  "context": null,
                  "code": "userForm.check_First_Name_Label();\nuserForm.click_on_Register_Btn();",
                  "err": {},
                  "uuid": "0a78370f-ffa2-4ec0-902b-2d362b592ddb",
                  "parentUUID": "4fa7506d-cf0a-43d7-91c3-d98ce8220696",
                  "isHook": false,
                  "skipped": false
                },
                {
                  "title": "First Name->Numbers Not Allowed",
                  "fullTitle": "User Form Test Cases First Name Field Test Cases First Name->Numbers Not Allowed",
                  "timedOut": null,
                  "duration": 1000,
                  "state": "passed",
                  "speed": "fast",
                  "pass": true,
                  "fail": false,
                  "pending": false,
                  "context": null,
                  "code": "userForm.test_FirstName_Field(\"12547 85\");",
                  "err": {},
                  "uuid": "140ae28e-593e-4294-b733-024ebd66028d",
                  "parentUUID": "4fa7506d-cf0a-43d7-91c3-d98ce8220696",
                  "isHook": false,
                  "skipped": false
                },
                {
                  "title": "First Name->Special Characters Not Allowed",
                  "fullTitle": "User Form Test Cases First Name Field Test Cases First Name->Special Characters Not Allowed",
                  "timedOut": null,
                  "duration": 1090,
                  "state": "passed",
                  "speed": "fast",
                  "pass": true,
                  "fail": false,
                  "pending": false,
                  "context": null,
                  "code": "userForm.test_FirstName_Field(\"@#$% ^&%$\");",
                  "err": {},
                  "uuid": "c8afad98-c96c-4521-96ad-afd36289ef28",
                  "parentUUID": "4fa7506d-cf0a-43d7-91c3-d98ce8220696",
                  "isHook": false,
                  "skipped": false
                },
                {
                  "title": "First Name->Spaces Allowed",
                  "fullTitle": "User Form Test Cases First Name Field Test Cases First Name->Spaces Allowed",
                  "timedOut": null,
                  "duration": 771,
                  "state": "passed",
                  "speed": "fast",
                  "pass": true,
                  "fail": false,
                  "pending": false,
                  "context": null,
                  "code": "userForm.test_FirstName_Field(\"a b c d\");",
                  "err": {},
                  "uuid": "8c697160-17b5-4f56-b98f-c8f757e75f06",
                  "parentUUID": "4fa7506d-cf0a-43d7-91c3-d98ce8220696",
                  "isHook": false,
                  "skipped": false
                },
                {
                  "title": "First Name->Capital Letters Allowed",
                  "fullTitle": "User Form Test Cases First Name Field Test Cases First Name->Capital Letters Allowed",
                  "timedOut": null,
                  "duration": 909,
                  "state": "passed",
                  "speed": "fast",
                  "pass": true,
                  "fail": false,
                  "pending": false,
                  "context": null,
                  "code": "userForm.test_FirstName_Field(\"FIRSTNAME\");",
                  "err": {},
                  "uuid": "b5b41883-e2f0-44e9-92d2-3ebbdc831179",
                  "parentUUID": "4fa7506d-cf0a-43d7-91c3-d98ce8220696",
                  "isHook": false,
                  "skipped": false
                },
                {
                  "title": "First Name->Small Letters Allowed",
                  "fullTitle": "User Form Test Cases First Name Field Test Cases First Name->Small Letters Allowed",
                  "timedOut": null,
                  "duration": 895,
                  "state": "passed",
                  "speed": "fast",
                  "pass": true,
                  "fail": false,
                  "pending": false,
                  "context": null,
                  "code": "userForm.test_FirstName_Field(\"firstname\");",
                  "err": {},
                  "uuid": "aad49077-48c3-44c4-9fe4-f351028580a5",
                  "parentUUID": "4fa7506d-cf0a-43d7-91c3-d98ce8220696",
                  "isHook": false,
                  "skipped": false
                },
                {
                  "title": "First Name->Capital and Numbers Not Allowed",
                  "fullTitle": "User Form Test Cases First Name Field Test Cases First Name->Capital and Numbers Not Allowed",
                  "timedOut": null,
                  "duration": 819,
                  "state": "passed",
                  "speed": "fast",
                  "pass": true,
                  "fail": false,
                  "pending": false,
                  "context": null,
                  "code": "userForm.test_FirstName_Field(\"FIRST123\");",
                  "err": {},
                  "uuid": "26452601-502a-47e1-9e76-97ad9b5edb81",
                  "parentUUID": "4fa7506d-cf0a-43d7-91c3-d98ce8220696",
                  "isHook": false,
                  "skipped": false
                },
                {
                  "title": "First Name->Capital and Special Characters Not Allowed",
                  "fullTitle": "User Form Test Cases First Name Field Test Cases First Name->Capital and Special Characters Not Allowed",
                  "timedOut": null,
                  "duration": 883,
                  "state": "passed",
                  "speed": "fast",
                  "pass": true,
                  "fail": false,
                  "pending": false,
                  "context": null,
                  "code": "userForm.test_FirstName_Field(\"FI@RST@#$%\");",
                  "err": {},
                  "uuid": "21ccc8dd-338f-415a-a45b-223be55eadd5",
                  "parentUUID": "4fa7506d-cf0a-43d7-91c3-d98ce8220696",
                  "isHook": false,
                  "skipped": false
                },
                {
                  "title": "First Name->Capital Letters and Spaces Allowed",
                  "fullTitle": "User Form Test Cases First Name Field Test Cases First Name->Capital Letters and Spaces Allowed",
                  "timedOut": null,
                  "duration": 860,
                  "state": "passed",
                  "speed": "fast",
                  "pass": true,
                  "fail": false,
                  "pending": false,
                  "context": null,
                  "code": "userForm.test_FirstName_Field(\"FIRST NAME DEMO\");",
                  "err": {},
                  "uuid": "6e15138b-0568-4fe9-9f31-9fe5c7a75462",
                  "parentUUID": "4fa7506d-cf0a-43d7-91c3-d98ce8220696",
                  "isHook": false,
                  "skipped": false
                },
                {
                  "title": "First Name->Capital and Small Letters Allowed",
                  "fullTitle": "User Form Test Cases First Name Field Test Cases First Name->Capital and Small Letters Allowed",
                  "timedOut": null,
                  "duration": 718,
                  "state": "passed",
                  "speed": "fast",
                  "pass": true,
                  "fail": false,
                  "pending": false,
                  "context": null,
                  "code": "userForm.test_FirstName_Field(\"FirstName\");",
                  "err": {},
                  "uuid": "7800177a-12b1-49f7-bd45-d6781d02e21f",
                  "parentUUID": "4fa7506d-cf0a-43d7-91c3-d98ce8220696",
                  "isHook": false,
                  "skipped": false
                },
                {
                  "title": "First Name->Small and Numbers Not Allowed",
                  "fullTitle": "User Form Test Cases First Name Field Test Cases First Name->Small and Numbers Not Allowed",
                  "timedOut": null,
                  "duration": 765,
                  "state": "passed",
                  "speed": "fast",
                  "pass": true,
                  "fail": false,
                  "pending": false,
                  "context": null,
                  "code": "userForm.test_FirstName_Field(\"first123\");",
                  "err": {},
                  "uuid": "7fe57865-34e2-44be-8d69-635711ed5544",
                  "parentUUID": "4fa7506d-cf0a-43d7-91c3-d98ce8220696",
                  "isHook": false,
                  "skipped": false
                },
                {
                  "title": "First Name->Small and Special Characters Not Allowed",
                  "fullTitle": "User Form Test Cases First Name Field Test Cases First Name->Small and Special Characters Not Allowed",
                  "timedOut": null,
                  "duration": 841,
                  "state": "passed",
                  "speed": "fast",
                  "pass": true,
                  "fail": false,
                  "pending": false,
                  "context": null,
                  "code": "userForm.test_FirstName_Field(\"firs@#tr$%q\");",
                  "err": {},
                  "uuid": "eb140838-bdbd-4877-ad40-69bd004c6d35",
                  "parentUUID": "4fa7506d-cf0a-43d7-91c3-d98ce8220696",
                  "isHook": false,
                  "skipped": false
                },
                {
                  "title": "First Name->Small and Spaces Allowed",
                  "fullTitle": "User Form Test Cases First Name Field Test Cases First Name->Small and Spaces Allowed",
                  "timedOut": null,
                  "duration": 867,
                  "state": "passed",
                  "speed": "fast",
                  "pass": true,
                  "fail": false,
                  "pending": false,
                  "context": null,
                  "code": "userForm.test_FirstName_Field(\"first name\");",
                  "err": {},
                  "uuid": "bef7b104-f04c-4f6f-b304-436b3099b010",
                  "parentUUID": "4fa7506d-cf0a-43d7-91c3-d98ce8220696",
                  "isHook": false,
                  "skipped": false
                },
                {
                  "title": "First Name->Spaces and Numbers Not Allowed",
                  "fullTitle": "User Form Test Cases First Name Field Test Cases First Name->Spaces and Numbers Not Allowed",
                  "timedOut": null,
                  "duration": 821,
                  "state": "passed",
                  "speed": "fast",
                  "pass": true,
                  "fail": false,
                  "pending": false,
                  "context": null,
                  "code": "userForm.test_FirstName_Field(\"123 456 789\");",
                  "err": {},
                  "uuid": "589d064b-3480-43f1-b79d-dd34facbd4fa",
                  "parentUUID": "4fa7506d-cf0a-43d7-91c3-d98ce8220696",
                  "isHook": false,
                  "skipped": false
                },
                {
                  "title": "First Name->Special Characters and Numbers Not Allowed",
                  "fullTitle": "User Form Test Cases First Name Field Test Cases First Name->Special Characters and Numbers Not Allowed",
                  "timedOut": null,
                  "duration": 912,
                  "state": "passed",
                  "speed": "fast",
                  "pass": true,
                  "fail": false,
                  "pending": false,
                  "context": null,
                  "code": "userForm.test_FirstName_Field(\"@#78@#4568$%1*#\");",
                  "err": {},
                  "uuid": "089bed90-2c8e-4d68-88c0-39a3f0296bbd",
                  "parentUUID": "4fa7506d-cf0a-43d7-91c3-d98ce8220696",
                  "isHook": false,
                  "skipped": false
                },
                {
                  "title": "First Name->Special Characters and Spaces Not Allowed",
                  "fullTitle": "User Form Test Cases First Name Field Test Cases First Name->Special Characters and Spaces Not Allowed",
                  "timedOut": null,
                  "duration": 770,
                  "state": "passed",
                  "speed": "fast",
                  "pass": true,
                  "fail": false,
                  "pending": false,
                  "context": null,
                  "code": "userForm.test_FirstName_Field(\"#$% @#& *#!^\");",
                  "err": {},
                  "uuid": "aa6a1ba2-45b4-4413-921d-a4dd2ac94531",
                  "parentUUID": "4fa7506d-cf0a-43d7-91c3-d98ce8220696",
                  "isHook": false,
                  "skipped": false
                },
                {
                  "title": "First Name->Capital,Small and Numbers Not Allowed",
                  "fullTitle": "User Form Test Cases First Name Field Test Cases First Name->Capital,Small and Numbers Not Allowed",
                  "timedOut": null,
                  "duration": 856,
                  "state": "passed",
                  "speed": "fast",
                  "pass": true,
                  "fail": false,
                  "pending": false,
                  "context": null,
                  "code": "userForm.test_FirstName_Field(\"First123Name\");",
                  "err": {},
                  "uuid": "a6274447-c58a-43fa-8b53-6b3c2e087aaa",
                  "parentUUID": "4fa7506d-cf0a-43d7-91c3-d98ce8220696",
                  "isHook": false,
                  "skipped": false
                },
                {
                  "title": "First Name->Capital,Small and Special Characters Not Allowed",
                  "fullTitle": "User Form Test Cases First Name Field Test Cases First Name->Capital,Small and Special Characters Not Allowed",
                  "timedOut": null,
                  "duration": 848,
                  "state": "passed",
                  "speed": "fast",
                  "pass": true,
                  "fail": false,
                  "pending": false,
                  "context": null,
                  "code": "userForm.test_FirstName_Field(\"First@Name\");",
                  "err": {},
                  "uuid": "e980e059-d022-465c-9bc4-70710ac4d8f7",
                  "parentUUID": "4fa7506d-cf0a-43d7-91c3-d98ce8220696",
                  "isHook": false,
                  "skipped": false
                },
                {
                  "title": "First Name->Capital,Small and Spaces Allowed",
                  "fullTitle": "User Form Test Cases First Name Field Test Cases First Name->Capital,Small and Spaces Allowed",
                  "timedOut": null,
                  "duration": 865,
                  "state": "passed",
                  "speed": "fast",
                  "pass": true,
                  "fail": false,
                  "pending": false,
                  "context": null,
                  "code": "userForm.test_FirstName_Field(\"First Name\");",
                  "err": {},
                  "uuid": "8e97a641-acc1-4737-bc4f-5c4caa50671b",
                  "parentUUID": "4fa7506d-cf0a-43d7-91c3-d98ce8220696",
                  "isHook": false,
                  "skipped": false
                },
                {
                  "title": "First Name->Capital,Small and Spaces Allowed",
                  "fullTitle": "User Form Test Cases First Name Field Test Cases First Name->Capital,Small and Spaces Allowed",
                  "timedOut": null,
                  "duration": 763,
                  "state": "passed",
                  "speed": "fast",
                  "pass": true,
                  "fail": false,
                  "pending": false,
                  "context": null,
                  "code": "userForm.test_FirstName_Field(\"Jinay\");",
                  "err": {},
                  "uuid": "93dca8d0-72c5-44d1-8cef-27df30d79cb9",
                  "parentUUID": "4fa7506d-cf0a-43d7-91c3-d98ce8220696",
                  "isHook": false,
                  "skipped": false
                }
              ],
              "suites": [],
              "passes": [
                "0a78370f-ffa2-4ec0-902b-2d362b592ddb",
                "140ae28e-593e-4294-b733-024ebd66028d",
                "c8afad98-c96c-4521-96ad-afd36289ef28",
                "8c697160-17b5-4f56-b98f-c8f757e75f06",
                "b5b41883-e2f0-44e9-92d2-3ebbdc831179",
                "aad49077-48c3-44c4-9fe4-f351028580a5",
                "26452601-502a-47e1-9e76-97ad9b5edb81",
                "21ccc8dd-338f-415a-a45b-223be55eadd5",
                "6e15138b-0568-4fe9-9f31-9fe5c7a75462",
                "7800177a-12b1-49f7-bd45-d6781d02e21f",
                "7fe57865-34e2-44be-8d69-635711ed5544",
                "eb140838-bdbd-4877-ad40-69bd004c6d35",
                "bef7b104-f04c-4f6f-b304-436b3099b010",
                "589d064b-3480-43f1-b79d-dd34facbd4fa",
                "089bed90-2c8e-4d68-88c0-39a3f0296bbd",
                "aa6a1ba2-45b4-4413-921d-a4dd2ac94531",
                "a6274447-c58a-43fa-8b53-6b3c2e087aaa",
                "e980e059-d022-465c-9bc4-70710ac4d8f7",
                "8e97a641-acc1-4737-bc4f-5c4caa50671b",
                "93dca8d0-72c5-44d1-8cef-27df30d79cb9"
              ],
              "failures": [],
              "pending": [],
              "skipped": [],
              "duration": 16605,
              "root": false,
              "rootEmpty": false,
              "_timeout": 2000
            },
            {
              "uuid": "0d9fb734-a587-4711-a872-1d5a4cc8c6a0",
              "title": "Last Name Field Test Cases",
              "fullFile": "",
              "file": "",
              "beforeHooks": [],
              "afterHooks": [],
              "tests": [
                {
                  "title": "Last Name->Empty Field Not Allowed",
                  "fullTitle": "User Form Test Cases Last Name Field Test Cases Last Name->Empty Field Not Allowed",
                  "timedOut": null,
                  "duration": 332,
                  "state": "passed",
                  "speed": "fast",
                  "pass": true,
                  "fail": false,
                  "pending": false,
                  "context": null,
                  "code": "userForm.check_Last_Name_Label();\nuserForm.click_on_Register_Btn();",
                  "err": {},
                  "uuid": "07bbb062-f4af-4b3c-93ba-b231c78730eb",
                  "parentUUID": "0d9fb734-a587-4711-a872-1d5a4cc8c6a0",
                  "isHook": false,
                  "skipped": false
                },
                {
                  "title": "Last Name->Numbers Not Allowed",
                  "fullTitle": "User Form Test Cases Last Name Field Test Cases Last Name->Numbers Not Allowed",
                  "timedOut": null,
                  "duration": 767,
                  "state": "passed",
                  "speed": "fast",
                  "pass": true,
                  "fail": false,
                  "pending": false,
                  "context": null,
                  "code": "userForm.test_LastName_Field(\"56798\");",
                  "err": {},
                  "uuid": "0eca3e43-f528-4518-8a46-8ff8e008039e",
                  "parentUUID": "0d9fb734-a587-4711-a872-1d5a4cc8c6a0",
                  "isHook": false,
                  "skipped": false
                },
                {
                  "title": "Last Name->Special Characters Not Allowed",
                  "fullTitle": "User Form Test Cases Last Name Field Test Cases Last Name->Special Characters Not Allowed",
                  "timedOut": null,
                  "duration": 783,
                  "state": "passed",
                  "speed": "fast",
                  "pass": true,
                  "fail": false,
                  "pending": false,
                  "context": null,
                  "code": "userForm.test_LastName_Field(\"@#$%^&%$\");",
                  "err": {},
                  "uuid": "0e929a46-75f1-41af-90cc-715a69b3d717",
                  "parentUUID": "0d9fb734-a587-4711-a872-1d5a4cc8c6a0",
                  "isHook": false,
                  "skipped": false
                },
                {
                  "title": "Last Name->Spaces Allowed",
                  "fullTitle": "User Form Test Cases Last Name Field Test Cases Last Name->Spaces Allowed",
                  "timedOut": null,
                  "duration": 768,
                  "state": "passed",
                  "speed": "fast",
                  "pass": true,
                  "fail": false,
                  "pending": false,
                  "context": null,
                  "code": "userForm.test_LastName_Field(\"f D @ Q\");",
                  "err": {},
                  "uuid": "36bd8fe8-73de-4394-a9e2-062af4f4b35d",
                  "parentUUID": "0d9fb734-a587-4711-a872-1d5a4cc8c6a0",
                  "isHook": false,
                  "skipped": false
                },
                {
                  "title": "Last Name->Capital Letters Allowed",
                  "fullTitle": "User Form Test Cases Last Name Field Test Cases Last Name->Capital Letters Allowed",
                  "timedOut": null,
                  "duration": 728,
                  "state": "passed",
                  "speed": "fast",
                  "pass": true,
                  "fail": false,
                  "pending": false,
                  "context": null,
                  "code": "userForm.test_LastName_Field(\"LASTNAME\");",
                  "err": {},
                  "uuid": "4dc65be3-abb5-499c-b96f-2cbe47d18b40",
                  "parentUUID": "0d9fb734-a587-4711-a872-1d5a4cc8c6a0",
                  "isHook": false,
                  "skipped": false
                },
                {
                  "title": "Last Name->Small Letters Allowed",
                  "fullTitle": "User Form Test Cases Last Name Field Test Cases Last Name->Small Letters Allowed",
                  "timedOut": null,
                  "duration": 767,
                  "state": "passed",
                  "speed": "fast",
                  "pass": true,
                  "fail": false,
                  "pending": false,
                  "context": null,
                  "code": "userForm.test_LastName_Field(\"lastname\");",
                  "err": {},
                  "uuid": "ace39c47-89d6-4aa2-a518-3f3474f2fb7c",
                  "parentUUID": "0d9fb734-a587-4711-a872-1d5a4cc8c6a0",
                  "isHook": false,
                  "skipped": false
                },
                {
                  "title": "Last Name->Capital and Numbers Not Allowed",
                  "fullTitle": "User Form Test Cases Last Name Field Test Cases Last Name->Capital and Numbers Not Allowed",
                  "timedOut": null,
                  "duration": 722,
                  "state": "passed",
                  "speed": "fast",
                  "pass": true,
                  "fail": false,
                  "pending": false,
                  "context": null,
                  "code": "userForm.test_LastName_Field(\"LAST123\");",
                  "err": {},
                  "uuid": "476290ef-4a3e-45af-9b9a-810680bc4ae2",
                  "parentUUID": "0d9fb734-a587-4711-a872-1d5a4cc8c6a0",
                  "isHook": false,
                  "skipped": false
                },
                {
                  "title": "Last Name->Capital and Special Characters Not Allowed",
                  "fullTitle": "User Form Test Cases Last Name Field Test Cases Last Name->Capital and Special Characters Not Allowed",
                  "timedOut": null,
                  "duration": 746,
                  "state": "passed",
                  "speed": "fast",
                  "pass": true,
                  "fail": false,
                  "pending": false,
                  "context": null,
                  "code": "userForm.test_LastName_Field(\"!@LA@ST@$%\");",
                  "err": {},
                  "uuid": "0401d45d-1c1e-4606-985f-f072f85a52ff",
                  "parentUUID": "0d9fb734-a587-4711-a872-1d5a4cc8c6a0",
                  "isHook": false,
                  "skipped": false
                },
                {
                  "title": "Last Name->Capital Letters and Spaces Allowed",
                  "fullTitle": "User Form Test Cases Last Name Field Test Cases Last Name->Capital Letters and Spaces Allowed",
                  "timedOut": null,
                  "duration": 864,
                  "state": "passed",
                  "speed": "fast",
                  "pass": true,
                  "fail": false,
                  "pending": false,
                  "context": null,
                  "code": "userForm.test_LastName_Field(\"LAST NAME DEMO\");",
                  "err": {},
                  "uuid": "1b60a15c-5c0b-40ac-814a-09492551d319",
                  "parentUUID": "0d9fb734-a587-4711-a872-1d5a4cc8c6a0",
                  "isHook": false,
                  "skipped": false
                },
                {
                  "title": "Last Name->Capital and Small Letters Allowed",
                  "fullTitle": "User Form Test Cases Last Name Field Test Cases Last Name->Capital and Small Letters Allowed",
                  "timedOut": null,
                  "duration": 853,
                  "state": "passed",
                  "speed": "fast",
                  "pass": true,
                  "fail": false,
                  "pending": false,
                  "context": null,
                  "code": "userForm.test_LastName_Field(\"LastName\");",
                  "err": {},
                  "uuid": "c3832284-2efc-44ec-b100-7cf3207130a8",
                  "parentUUID": "0d9fb734-a587-4711-a872-1d5a4cc8c6a0",
                  "isHook": false,
                  "skipped": false
                },
                {
                  "title": "Last Name->Small and Numbers Not Allowed",
                  "fullTitle": "User Form Test Cases Last Name Field Test Cases Last Name->Small and Numbers Not Allowed",
                  "timedOut": null,
                  "duration": 818,
                  "state": "passed",
                  "speed": "fast",
                  "pass": true,
                  "fail": false,
                  "pending": false,
                  "context": null,
                  "code": "userForm.test_LastName_Field(\"last123\");",
                  "err": {},
                  "uuid": "8e43614e-467c-452d-99d5-92a3575a112b",
                  "parentUUID": "0d9fb734-a587-4711-a872-1d5a4cc8c6a0",
                  "isHook": false,
                  "skipped": false
                },
                {
                  "title": "Last Name->Small and Special Characters Not Allowed",
                  "fullTitle": "User Form Test Cases Last Name Field Test Cases Last Name->Small and Special Characters Not Allowed",
                  "timedOut": null,
                  "duration": 777,
                  "state": "passed",
                  "speed": "fast",
                  "pass": true,
                  "fail": false,
                  "pending": false,
                  "context": null,
                  "code": "userForm.test_LastName_Field(\"las@#tr$%q\");",
                  "err": {},
                  "uuid": "611c9b0d-aeee-43e6-8c01-37474ae84f12",
                  "parentUUID": "0d9fb734-a587-4711-a872-1d5a4cc8c6a0",
                  "isHook": false,
                  "skipped": false
                },
                {
                  "title": "Last Name->Small and Spaces Allowed",
                  "fullTitle": "User Form Test Cases Last Name Field Test Cases Last Name->Small and Spaces Allowed",
                  "timedOut": null,
                  "duration": 858,
                  "state": "passed",
                  "speed": "fast",
                  "pass": true,
                  "fail": false,
                  "pending": false,
                  "context": null,
                  "code": "userForm.test_LastName_Field(\"last name\");",
                  "err": {},
                  "uuid": "7d699a64-514f-43ea-af42-da2b5c2c8373",
                  "parentUUID": "0d9fb734-a587-4711-a872-1d5a4cc8c6a0",
                  "isHook": false,
                  "skipped": false
                },
                {
                  "title": "Last Name->Spaces and Numbers Not Allowed",
                  "fullTitle": "User Form Test Cases Last Name Field Test Cases Last Name->Spaces and Numbers Not Allowed",
                  "timedOut": null,
                  "duration": 872,
                  "state": "passed",
                  "speed": "fast",
                  "pass": true,
                  "fail": false,
                  "pending": false,
                  "context": null,
                  "code": "userForm.test_LastName_Field(\"1 23 785 8 9\");",
                  "err": {},
                  "uuid": "8a2c11d0-0438-43d2-97ff-d05d77d81cf8",
                  "parentUUID": "0d9fb734-a587-4711-a872-1d5a4cc8c6a0",
                  "isHook": false,
                  "skipped": false
                },
                {
                  "title": "Last Name->Special Characters and Numbers Not Allowed",
                  "fullTitle": "User Form Test Cases Last Name Field Test Cases Last Name->Special Characters and Numbers Not Allowed",
                  "timedOut": null,
                  "duration": 1043,
                  "state": "passed",
                  "speed": "fast",
                  "pass": true,
                  "fail": false,
                  "pending": false,
                  "context": null,
                  "code": "userForm.test_LastName_Field(\"52@#78@#454$%1*#\");",
                  "err": {},
                  "uuid": "f4d6ce22-5832-4271-ae17-57bfe4a33169",
                  "parentUUID": "0d9fb734-a587-4711-a872-1d5a4cc8c6a0",
                  "isHook": false,
                  "skipped": false
                },
                {
                  "title": "Last Name->Special Characters and Spaces Not Allowed",
                  "fullTitle": "User Form Test Cases Last Name Field Test Cases Last Name->Special Characters and Spaces Not Allowed",
                  "timedOut": null,
                  "duration": 833,
                  "state": "passed",
                  "speed": "fast",
                  "pass": true,
                  "fail": false,
                  "pending": false,
                  "context": null,
                  "code": "userForm.test_LastName_Field(\"@$ % @#& *#! ^\");",
                  "err": {},
                  "uuid": "c9d5e0af-16c6-47ee-9a14-204bf479f4ac",
                  "parentUUID": "0d9fb734-a587-4711-a872-1d5a4cc8c6a0",
                  "isHook": false,
                  "skipped": false
                },
                {
                  "title": "Last Name->Capital,Small and Numbers Not Allowed",
                  "fullTitle": "User Form Test Cases Last Name Field Test Cases Last Name->Capital,Small and Numbers Not Allowed",
                  "timedOut": null,
                  "duration": 765,
                  "state": "passed",
                  "speed": "fast",
                  "pass": true,
                  "fail": false,
                  "pending": false,
                  "context": null,
                  "code": "userForm.test_LastName_Field(\"Last123Name\");",
                  "err": {},
                  "uuid": "36f372d2-6cc8-4ed3-af63-f2aeec900c50",
                  "parentUUID": "0d9fb734-a587-4711-a872-1d5a4cc8c6a0",
                  "isHook": false,
                  "skipped": false
                },
                {
                  "title": "Last Name->Capital,Small and Special Characters Not Allowed",
                  "fullTitle": "User Form Test Cases Last Name Field Test Cases Last Name->Capital,Small and Special Characters Not Allowed",
                  "timedOut": null,
                  "duration": 770,
                  "state": "passed",
                  "speed": "fast",
                  "pass": true,
                  "fail": false,
                  "pending": false,
                  "context": null,
                  "code": "userForm.test_LastName_Field(\"Last@Name\");",
                  "err": {},
                  "uuid": "bc7cf2f7-20a4-436c-9702-584ecbd3e42b",
                  "parentUUID": "0d9fb734-a587-4711-a872-1d5a4cc8c6a0",
                  "isHook": false,
                  "skipped": false
                },
                {
                  "title": "Last Name->Capital,Small and Spaces Allowed",
                  "fullTitle": "User Form Test Cases Last Name Field Test Cases Last Name->Capital,Small and Spaces Allowed",
                  "timedOut": null,
                  "duration": 845,
                  "state": "passed",
                  "speed": "fast",
                  "pass": true,
                  "fail": false,
                  "pending": false,
                  "context": null,
                  "code": "userForm.test_LastName_Field(\"Last Name\");",
                  "err": {},
                  "uuid": "9127b2b6-ea47-4d01-a60b-b05c351525be",
                  "parentUUID": "0d9fb734-a587-4711-a872-1d5a4cc8c6a0",
                  "isHook": false,
                  "skipped": false
                },
                {
                  "title": "Last Name->Capital,Small and Spaces Allowed",
                  "fullTitle": "User Form Test Cases Last Name Field Test Cases Last Name->Capital,Small and Spaces Allowed",
                  "timedOut": null,
                  "duration": 715,
                  "state": "passed",
                  "speed": "fast",
                  "pass": true,
                  "fail": false,
                  "pending": false,
                  "context": null,
                  "code": "userForm.test_LastName_Field(\"Shah\");",
                  "err": {},
                  "uuid": "f2888875-d0f4-4e46-a434-85b14813d552",
                  "parentUUID": "0d9fb734-a587-4711-a872-1d5a4cc8c6a0",
                  "isHook": false,
                  "skipped": false
                }
              ],
              "suites": [],
              "passes": [
                "07bbb062-f4af-4b3c-93ba-b231c78730eb",
                "0eca3e43-f528-4518-8a46-8ff8e008039e",
                "0e929a46-75f1-41af-90cc-715a69b3d717",
                "36bd8fe8-73de-4394-a9e2-062af4f4b35d",
                "4dc65be3-abb5-499c-b96f-2cbe47d18b40",
                "ace39c47-89d6-4aa2-a518-3f3474f2fb7c",
                "476290ef-4a3e-45af-9b9a-810680bc4ae2",
                "0401d45d-1c1e-4606-985f-f072f85a52ff",
                "1b60a15c-5c0b-40ac-814a-09492551d319",
                "c3832284-2efc-44ec-b100-7cf3207130a8",
                "8e43614e-467c-452d-99d5-92a3575a112b",
                "611c9b0d-aeee-43e6-8c01-37474ae84f12",
                "7d699a64-514f-43ea-af42-da2b5c2c8373",
                "8a2c11d0-0438-43d2-97ff-d05d77d81cf8",
                "f4d6ce22-5832-4271-ae17-57bfe4a33169",
                "c9d5e0af-16c6-47ee-9a14-204bf479f4ac",
                "36f372d2-6cc8-4ed3-af63-f2aeec900c50",
                "bc7cf2f7-20a4-436c-9702-584ecbd3e42b",
                "9127b2b6-ea47-4d01-a60b-b05c351525be",
                "f2888875-d0f4-4e46-a434-85b14813d552"
              ],
              "failures": [],
              "pending": [],
              "skipped": [],
              "duration": 15626,
              "root": false,
              "rootEmpty": false,
              "_timeout": 2000
            },
            {
              "uuid": "08fb85a7-2783-4e39-930f-6ed040879d7a",
              "title": "Gender Field Test Cases",
              "fullFile": "",
              "file": "",
              "beforeHooks": [],
              "afterHooks": [],
              "tests": [
                {
                  "title": "Gender->No Any Option Selected",
                  "fullTitle": "User Form Test Cases Gender Field Test Cases Gender->No Any Option Selected",
                  "timedOut": null,
                  "duration": 262,
                  "state": "passed",
                  "speed": "fast",
                  "pass": true,
                  "fail": false,
                  "pending": false,
                  "context": null,
                  "code": "userForm.click_on_Register_Btn();",
                  "err": {},
                  "uuid": "a7a09167-15c9-4300-a427-9b13b6249c3b",
                  "parentUUID": "08fb85a7-2783-4e39-930f-6ed040879d7a",
                  "isHook": false,
                  "skipped": false
                },
                {
                  "title": "Gender->Male Selected",
                  "fullTitle": "User Form Test Cases Gender Field Test Cases Gender->Male Selected",
                  "timedOut": null,
                  "duration": 305,
                  "state": "passed",
                  "speed": "fast",
                  "pass": true,
                  "fail": false,
                  "pending": false,
                  "context": null,
                  "code": "userForm.select_Gender(0, \"Male\", \"male\");",
                  "err": {},
                  "uuid": "73b63748-ce3a-4ab4-84dc-528b32b47a94",
                  "parentUUID": "08fb85a7-2783-4e39-930f-6ed040879d7a",
                  "isHook": false,
                  "skipped": false
                },
                {
                  "title": "Gender->Female Selected",
                  "fullTitle": "User Form Test Cases Gender Field Test Cases Gender->Female Selected",
                  "timedOut": null,
                  "duration": 371,
                  "state": "passed",
                  "speed": "fast",
                  "pass": true,
                  "fail": false,
                  "pending": false,
                  "context": null,
                  "code": "userForm.select_Gender(1, \"Female\", \"female\");",
                  "err": {},
                  "uuid": "93aecfc6-fb2a-474d-b429-5ec6a98106e2",
                  "parentUUID": "08fb85a7-2783-4e39-930f-6ed040879d7a",
                  "isHook": false,
                  "skipped": false
                },
                {
                  "title": "Gender->Other Selected",
                  "fullTitle": "User Form Test Cases Gender Field Test Cases Gender->Other Selected",
                  "timedOut": null,
                  "duration": 313,
                  "state": "passed",
                  "speed": "fast",
                  "pass": true,
                  "fail": false,
                  "pending": false,
                  "context": null,
                  "code": "userForm.select_Gender(2, \"Other\", \"other\");",
                  "err": {},
                  "uuid": "0f66b1a6-1b34-4710-9338-c4d3bc22dee0",
                  "parentUUID": "08fb85a7-2783-4e39-930f-6ed040879d7a",
                  "isHook": false,
                  "skipped": false
                },
                {
                  "title": "Gender->Fill Male Value",
                  "fullTitle": "User Form Test Cases Gender Field Test Cases Gender->Fill Male Value",
                  "timedOut": null,
                  "duration": 283,
                  "state": "passed",
                  "speed": "fast",
                  "pass": true,
                  "fail": false,
                  "pending": false,
                  "context": null,
                  "code": "userForm.select_Gender(0, \"Male\", \"male\");",
                  "err": {},
                  "uuid": "b0387617-4d75-42d2-b5fa-9d83487de4da",
                  "parentUUID": "08fb85a7-2783-4e39-930f-6ed040879d7a",
                  "isHook": false,
                  "skipped": false
                }
              ],
              "suites": [],
              "passes": [
                "a7a09167-15c9-4300-a427-9b13b6249c3b",
                "73b63748-ce3a-4ab4-84dc-528b32b47a94",
                "93aecfc6-fb2a-474d-b429-5ec6a98106e2",
                "0f66b1a6-1b34-4710-9338-c4d3bc22dee0",
                "b0387617-4d75-42d2-b5fa-9d83487de4da"
              ],
              "failures": [],
              "pending": [],
              "skipped": [],
              "duration": 1534,
              "root": false,
              "rootEmpty": false,
              "_timeout": 2000
            },
            {
              "uuid": "d21a1754-b39e-4561-ab9d-4322504a8c8b",
              "title": "Select Country Field Test Cases",
              "fullFile": "",
              "file": "",
              "beforeHooks": [],
              "afterHooks": [],
              "tests": [
                {
                  "title": "Select Country-Russia",
                  "fullTitle": "User Form Test Cases Select Country Field Test Cases Select Country-Russia",
                  "timedOut": null,
                  "duration": 4545,
                  "state": "failed",
                  "speed": null,
                  "pass": false,
                  "fail": true,
                  "pending": false,
                  "context": null,
                  "code": "userForm.test_Select_Country_Field(\"Russia\");",
                  "err": {
                    "message": "CypressError: Timed out retrying after 4000ms: `cy.select()` failed because it could not find a single `<option>` with value, index, or text matching: `Russvvdvihhj`\n\nhttps://on.cypress.io/select",
                    "estack": "CypressError: Timed out retrying after 4000ms: `cy.select()` failed because it could not find a single `<option>` with value, index, or text matching: `Russvvdvihhj`\n\nhttps://on.cypress.io/select\n    at getOptions (http://localhost:3000/__cypress/runner/cypress_runner.js:136503:80)\n    at tryCatcher (http://localhost:3000/__cypress/runner/cypress_runner.js:11318:23)\n    at Promise.attempt.Promise.try (http://localhost:3000/__cypress/runner/cypress_runner.js:8592:29)\n    at retryOptions (http://localhost:3000/__cypress/runner/cypress_runner.js:136541:67)\n    at tryCatcher (http://localhost:3000/__cypress/runner/cypress_runner.js:11318:23)\n    at Promise.attempt.Promise.try (http://localhost:3000/__cypress/runner/cypress_runner.js:8592:29)\n    at whenStable (http://localhost:3000/__cypress/runner/cypress_runner.js:152665:65)\n    at <unknown> (http://localhost:3000/__cypress/runner/cypress_runner.js:152095:14)\n    at tryCatcher (http://localhost:3000/__cypress/runner/cypress_runner.js:11318:23)\n    at Promise._settlePromiseFromHandler (http://localhost:3000/__cypress/runner/cypress_runner.js:9253:31)\n    at Promise._settlePromise (http://localhost:3000/__cypress/runner/cypress_runner.js:9310:18)\n    at Promise._settlePromise0 (http://localhost:3000/__cypress/runner/cypress_runner.js:9355:10)\n    at Promise._settlePromises (http://localhost:3000/__cypress/runner/cypress_runner.js:9435:18)\n    at Promise._fulfill (http://localhost:3000/__cypress/runner/cypress_runner.js:9379:18)\n    at <unknown> (http://localhost:3000/__cypress/runner/cypress_runner.js:10993:46)\nFrom Your Spec Code:\n    at UserFormPage.check_Select_Country_Field (webpack:///./cypress/e2e/pageObjects/UserFormObject.js:157:7)\n    at UserFormPage.test_Select_Country_Field (webpack:///./cypress/e2e/pageObjects/UserFormObject.js:162:9)\n    at Context.eval (webpack:///./cypress/e2e/specs/userRegister.cy.js:154:15)",
                    "diff": null
                  },
                  "uuid": "44132108-fab4-4c69-a1e2-cd79e22dca02",
                  "parentUUID": "d21a1754-b39e-4561-ab9d-4322504a8c8b",
                  "isHook": false,
                  "skipped": false
                },
                {
                  "title": "Select Country-Australia",
                  "fullTitle": "User Form Test Cases Select Country Field Test Cases Select Country-Australia",
                  "timedOut": null,
                  "duration": 404,
                  "state": "passed",
                  "speed": "fast",
                  "pass": true,
                  "fail": false,
                  "pending": false,
                  "context": null,
                  "code": "userForm.test_Select_Country_Field(\"Australia\");",
                  "err": {},
                  "uuid": "02c4e304-2398-47c5-a70e-ec61c18da017",
                  "parentUUID": "d21a1754-b39e-4561-ab9d-4322504a8c8b",
                  "isHook": false,
                  "skipped": false
                },
                {
                  "title": "Select Country-Finland",
                  "fullTitle": "User Form Test Cases Select Country Field Test Cases Select Country-Finland",
                  "timedOut": null,
                  "duration": 415,
                  "state": "passed",
                  "speed": "fast",
                  "pass": true,
                  "fail": false,
                  "pending": false,
                  "context": null,
                  "code": "userForm.test_Select_Country_Field(\"Finland\");",
                  "err": {},
                  "uuid": "dc9bae66-2064-4624-a188-49acd6609acf",
                  "parentUUID": "d21a1754-b39e-4561-ab9d-4322504a8c8b",
                  "isHook": false,
                  "skipped": false
                },
                {
                  "title": "Select Country-Switzerland",
                  "fullTitle": "User Form Test Cases Select Country Field Test Cases Select Country-Switzerland",
                  "timedOut": null,
                  "duration": 363,
                  "state": "passed",
                  "speed": "fast",
                  "pass": true,
                  "fail": false,
                  "pending": false,
                  "context": null,
                  "code": "userForm.test_Select_Country_Field(\"Switzerland\");",
                  "err": {},
                  "uuid": "e41dc781-aa6e-4f2c-8306-54e0e79eb10f",
                  "parentUUID": "d21a1754-b39e-4561-ab9d-4322504a8c8b",
                  "isHook": false,
                  "skipped": false
                },
                {
                  "title": "Select Country-India",
                  "fullTitle": "User Form Test Cases Select Country Field Test Cases Select Country-India",
                  "timedOut": null,
                  "duration": 404,
                  "state": "passed",
                  "speed": "fast",
                  "pass": true,
                  "fail": false,
                  "pending": false,
                  "context": null,
                  "code": "userForm.test_Select_Country_Field(\"India\");",
                  "err": {},
                  "uuid": "2304f9b2-e061-41c0-9382-f1c209bafaac",
                  "parentUUID": "d21a1754-b39e-4561-ab9d-4322504a8c8b",
                  "isHook": false,
                  "skipped": false
                },
                {
                  "title": "Select Country-Oman",
                  "fullTitle": "User Form Test Cases Select Country Field Test Cases Select Country-Oman",
                  "timedOut": null,
                  "duration": 350,
                  "state": "passed",
                  "speed": "fast",
                  "pass": true,
                  "fail": false,
                  "pending": false,
                  "context": null,
                  "code": "userForm.test_Select_Country_Field(\"Oman\");",
                  "err": {},
                  "uuid": "c8b9842a-4d5f-43d1-a353-3872fe59b852",
                  "parentUUID": "d21a1754-b39e-4561-ab9d-4322504a8c8b",
                  "isHook": false,
                  "skipped": false
                },
                {
                  "title": "Select Country-Singapore",
                  "fullTitle": "User Form Test Cases Select Country Field Test Cases Select Country-Singapore",
                  "timedOut": null,
                  "duration": 415,
                  "state": "passed",
                  "speed": "fast",
                  "pass": true,
                  "fail": false,
                  "pending": false,
                  "context": null,
                  "code": "userForm.test_Select_Country_Field(\"Singapore\");",
                  "err": {},
                  "uuid": "d154c6dd-8416-40ed-b67e-eae485d4f06a",
                  "parentUUID": "d21a1754-b39e-4561-ab9d-4322504a8c8b",
                  "isHook": false,
                  "skipped": false
                },
                {
                  "title": "Select Country-Canada",
                  "fullTitle": "User Form Test Cases Select Country Field Test Cases Select Country-Canada",
                  "timedOut": null,
                  "duration": 422,
                  "state": "passed",
                  "speed": "fast",
                  "pass": true,
                  "fail": false,
                  "pending": false,
                  "context": null,
                  "code": "userForm.test_Select_Country_Field(\"Canada\");",
                  "err": {},
                  "uuid": "86d463be-3714-4803-ba7c-65e6eac308f8",
                  "parentUUID": "d21a1754-b39e-4561-ab9d-4322504a8c8b",
                  "isHook": false,
                  "skipped": false
                },
                {
                  "title": "Select Country-United States of America",
                  "fullTitle": "User Form Test Cases Select Country Field Test Cases Select Country-United States of America",
                  "timedOut": null,
                  "duration": 376,
                  "state": "passed",
                  "speed": "fast",
                  "pass": true,
                  "fail": false,
                  "pending": false,
                  "context": null,
                  "code": "userForm.test_Select_Country_Field(\"United States of America\");",
                  "err": {},
                  "uuid": "b195e67b-b0af-4844-9db8-4f8491fd07f7",
                  "parentUUID": "d21a1754-b39e-4561-ab9d-4322504a8c8b",
                  "isHook": false,
                  "skipped": false
                },
                {
                  "title": "Select Country-United Kingdom",
                  "fullTitle": "User Form Test Cases Select Country Field Test Cases Select Country-United Kingdom",
                  "timedOut": null,
                  "duration": 409,
                  "state": "passed",
                  "speed": "fast",
                  "pass": true,
                  "fail": false,
                  "pending": false,
                  "context": null,
                  "code": "userForm.test_Select_Country_Field(\"United Kingdom\");",
                  "err": {},
                  "uuid": "311d2910-e2cf-44dc-8b10-260a1e1b5065",
                  "parentUUID": "d21a1754-b39e-4561-ab9d-4322504a8c8b",
                  "isHook": false,
                  "skipped": false
                },
                {
                  "title": "Select Country-Pakistan",
                  "fullTitle": "User Form Test Cases Select Country Field Test Cases Select Country-Pakistan",
                  "timedOut": null,
                  "duration": 347,
                  "state": "passed",
                  "speed": "fast",
                  "pass": true,
                  "fail": false,
                  "pending": false,
                  "context": null,
                  "code": "userForm.test_Select_Country_Field(\"Pakistan\");",
                  "err": {},
                  "uuid": "ab5a631d-00b8-48f6-b9b1-13a9c73fa4ee",
                  "parentUUID": "d21a1754-b39e-4561-ab9d-4322504a8c8b",
                  "isHook": false,
                  "skipped": false
                },
                {
                  "title": "Select Country-Nepal",
                  "fullTitle": "User Form Test Cases Select Country Field Test Cases Select Country-Nepal",
                  "timedOut": null,
                  "duration": 377,
                  "state": "passed",
                  "speed": "fast",
                  "pass": true,
                  "fail": false,
                  "pending": false,
                  "context": null,
                  "code": "userForm.test_Select_Country_Field(\"Nepal\");",
                  "err": {},
                  "uuid": "5731341f-086f-4534-9000-17ed73e058d8",
                  "parentUUID": "d21a1754-b39e-4561-ab9d-4322504a8c8b",
                  "isHook": false,
                  "skipped": false
                },
                {
                  "title": "Select Country-India",
                  "fullTitle": "User Form Test Cases Select Country Field Test Cases Select Country-India",
                  "timedOut": null,
                  "duration": 448,
                  "state": "passed",
                  "speed": "fast",
                  "pass": true,
                  "fail": false,
                  "pending": false,
                  "context": null,
                  "code": "userForm.test_Select_Country_Field(\"India\");",
                  "err": {},
                  "uuid": "80fe0215-eeeb-4c91-b3e5-dc1a6c010f75",
                  "parentUUID": "d21a1754-b39e-4561-ab9d-4322504a8c8b",
                  "isHook": false,
                  "skipped": false
                }
              ],
              "suites": [],
              "passes": [
                "02c4e304-2398-47c5-a70e-ec61c18da017",
                "dc9bae66-2064-4624-a188-49acd6609acf",
                "e41dc781-aa6e-4f2c-8306-54e0e79eb10f",
                "2304f9b2-e061-41c0-9382-f1c209bafaac",
                "c8b9842a-4d5f-43d1-a353-3872fe59b852",
                "d154c6dd-8416-40ed-b67e-eae485d4f06a",
                "86d463be-3714-4803-ba7c-65e6eac308f8",
                "b195e67b-b0af-4844-9db8-4f8491fd07f7",
                "311d2910-e2cf-44dc-8b10-260a1e1b5065",
                "ab5a631d-00b8-48f6-b9b1-13a9c73fa4ee",
                "5731341f-086f-4534-9000-17ed73e058d8",
                "80fe0215-eeeb-4c91-b3e5-dc1a6c010f75"
              ],
              "failures": [
                "44132108-fab4-4c69-a1e2-cd79e22dca02"
              ],
              "pending": [],
              "skipped": [],
              "duration": 9275,
              "root": false,
              "rootEmpty": false,
              "_timeout": 2000
            },
            {
              "uuid": "5aff8127-d997-48d4-ac95-e56f36f0bf1f",
              "title": "Mobile Number Field Test Cases",
              "fullFile": "",
              "file": "",
              "beforeHooks": [],
              "afterHooks": [],
              "tests": [
                {
                  "title": "Mobile Number->Empty Field",
                  "fullTitle": "User Form Test Cases Mobile Number Field Test Cases Mobile Number->Empty Field",
                  "timedOut": null,
                  "duration": 322,
                  "state": "passed",
                  "speed": "fast",
                  "pass": true,
                  "fail": false,
                  "pending": false,
                  "context": null,
                  "code": "userForm.verify_Mobile_Number_Label();\nuserForm.click_on_Register_Btn();",
                  "err": {},
                  "uuid": "29512c80-b99d-4dda-b4d1-2189ccd34eba",
                  "parentUUID": "5aff8127-d997-48d4-ac95-e56f36f0bf1f",
                  "isHook": false,
                  "skipped": false
                },
                {
                  "title": "Mobile Number->Capital Letters Not Allowed",
                  "fullTitle": "User Form Test Cases Mobile Number Field Test Cases Mobile Number->Capital Letters Not Allowed",
                  "timedOut": null,
                  "duration": 872,
                  "state": "passed",
                  "speed": "fast",
                  "pass": true,
                  "fail": false,
                  "pending": false,
                  "context": null,
                  "code": "userForm.test_Mobile_Number_Field(\"MOBILENUMBER\");",
                  "err": {},
                  "uuid": "227bf40a-fab2-4bd4-96af-d92283797bce",
                  "parentUUID": "5aff8127-d997-48d4-ac95-e56f36f0bf1f",
                  "isHook": false,
                  "skipped": false
                },
                {
                  "title": "Mobile Number->Small Letters Not Allowed",
                  "fullTitle": "User Form Test Cases Mobile Number Field Test Cases Mobile Number->Small Letters Not Allowed",
                  "timedOut": null,
                  "duration": 836,
                  "state": "passed",
                  "speed": "fast",
                  "pass": true,
                  "fail": false,
                  "pending": false,
                  "context": null,
                  "code": "userForm.test_Mobile_Number_Field(\"mobilenumber\");",
                  "err": {},
                  "uuid": "c356fc61-9094-4338-bb66-7858e9ccbd1e",
                  "parentUUID": "5aff8127-d997-48d4-ac95-e56f36f0bf1f",
                  "isHook": false,
                  "skipped": false
                },
                {
                  "title": "Mobile Number->Special Characters Not Allowed",
                  "fullTitle": "User Form Test Cases Mobile Number Field Test Cases Mobile Number->Special Characters Not Allowed",
                  "timedOut": null,
                  "duration": 800,
                  "state": "passed",
                  "speed": "fast",
                  "pass": true,
                  "fail": false,
                  "pending": false,
                  "context": null,
                  "code": "userForm.test_Mobile_Number_Field(\"!@#$%&*()\");",
                  "err": {},
                  "uuid": "2a83a5ba-9714-49f0-a1eb-ae7cb23ab533",
                  "parentUUID": "5aff8127-d997-48d4-ac95-e56f36f0bf1f",
                  "isHook": false,
                  "skipped": false
                },
                {
                  "title": "Mobile Number->Spaces Not Allowed",
                  "fullTitle": "User Form Test Cases Mobile Number Field Test Cases Mobile Number->Spaces Not Allowed",
                  "timedOut": null,
                  "duration": 813,
                  "state": "passed",
                  "speed": "fast",
                  "pass": true,
                  "fail": false,
                  "pending": false,
                  "context": null,
                  "code": "userForm.test_Mobile_Number_Field(\"M o b i l e\");",
                  "err": {},
                  "uuid": "f7beaddf-6ccf-4436-a604-505ae1bde278",
                  "parentUUID": "5aff8127-d997-48d4-ac95-e56f36f0bf1f",
                  "isHook": false,
                  "skipped": false
                },
                {
                  "title": "Mobile Number->Numbers with Capital Letters Not Allowed",
                  "fullTitle": "User Form Test Cases Mobile Number Field Test Cases Mobile Number->Numbers with Capital Letters Not Allowed",
                  "timedOut": null,
                  "duration": 724,
                  "state": "passed",
                  "speed": "fast",
                  "pass": true,
                  "fail": false,
                  "pending": false,
                  "context": null,
                  "code": "userForm.test_Mobile_Number_Field(\"99Q7458AWE\");",
                  "err": {},
                  "uuid": "d0f48462-248a-4353-9e0e-5b51daae91b5",
                  "parentUUID": "5aff8127-d997-48d4-ac95-e56f36f0bf1f",
                  "isHook": false,
                  "skipped": false
                },
                {
                  "title": "Mobile Number->Numbers with Small Letters Not Allowed",
                  "fullTitle": "User Form Test Cases Mobile Number Field Test Cases Mobile Number->Numbers with Small Letters Not Allowed",
                  "timedOut": null,
                  "duration": 914,
                  "state": "passed",
                  "speed": "fast",
                  "pass": true,
                  "fail": false,
                  "pending": false,
                  "context": null,
                  "code": "userForm.test_Mobile_Number_Field(\"85awed1247\");",
                  "err": {},
                  "uuid": "85d04bcc-3579-4779-9540-87630183ebb9",
                  "parentUUID": "5aff8127-d997-48d4-ac95-e56f36f0bf1f",
                  "isHook": false,
                  "skipped": false
                },
                {
                  "title": "Mobile Number->Numbers with Special Characters Not Allowed",
                  "fullTitle": "User Form Test Cases Mobile Number Field Test Cases Mobile Number->Numbers with Special Characters Not Allowed",
                  "timedOut": null,
                  "duration": 800,
                  "state": "passed",
                  "speed": "fast",
                  "pass": true,
                  "fail": false,
                  "pending": false,
                  "context": null,
                  "code": "userForm.test_Mobile_Number_Field(\"8547@#2#$1\");",
                  "err": {},
                  "uuid": "a4ce7453-dfb5-4b1e-949b-0b1e95d85136",
                  "parentUUID": "5aff8127-d997-48d4-ac95-e56f36f0bf1f",
                  "isHook": false,
                  "skipped": false
                },
                {
                  "title": "Mobile Number->Numbers with Spaces Not Allowed",
                  "fullTitle": "User Form Test Cases Mobile Number Field Test Cases Mobile Number->Numbers with Spaces Not Allowed",
                  "timedOut": null,
                  "duration": 840,
                  "state": "passed",
                  "speed": "fast",
                  "pass": true,
                  "fail": false,
                  "pending": false,
                  "context": null,
                  "code": "userForm.test_Mobile_Number_Field(\"95 5 74 745\");",
                  "err": {},
                  "uuid": "fe5e7e07-07b2-4c4f-a609-7b3a6a4a53ce",
                  "parentUUID": "5aff8127-d997-48d4-ac95-e56f36f0bf1f",
                  "isHook": false,
                  "skipped": false
                },
                {
                  "title": "Mobile Number->Length-3(<10) Not Allowed",
                  "fullTitle": "User Form Test Cases Mobile Number Field Test Cases Mobile Number->Length-3(<10) Not Allowed",
                  "timedOut": null,
                  "duration": 606,
                  "state": "passed",
                  "speed": "fast",
                  "pass": true,
                  "fail": false,
                  "pending": false,
                  "context": null,
                  "code": "userForm.test_Mobile_Number_Field(\"958\");",
                  "err": {},
                  "uuid": "ae2e78ec-4cc3-43ee-b6fb-6e78c7fed7f7",
                  "parentUUID": "5aff8127-d997-48d4-ac95-e56f36f0bf1f",
                  "isHook": false,
                  "skipped": false
                },
                {
                  "title": "Mobile Number->Length-5(<10) Not Allowed",
                  "fullTitle": "User Form Test Cases Mobile Number Field Test Cases Mobile Number->Length-5(<10) Not Allowed",
                  "timedOut": null,
                  "duration": 796,
                  "state": "passed",
                  "speed": "fast",
                  "pass": true,
                  "fail": false,
                  "pending": false,
                  "context": null,
                  "code": "userForm.test_Mobile_Number_Field(\"95854\");",
                  "err": {},
                  "uuid": "57419240-add9-4439-8656-344292f7be47",
                  "parentUUID": "5aff8127-d997-48d4-ac95-e56f36f0bf1f",
                  "isHook": false,
                  "skipped": false
                },
                {
                  "title": "Mobile Number->Length-9(<10) Not Allowed",
                  "fullTitle": "User Form Test Cases Mobile Number Field Test Cases Mobile Number->Length-9(<10) Not Allowed",
                  "timedOut": null,
                  "duration": 804,
                  "state": "passed",
                  "speed": "fast",
                  "pass": true,
                  "fail": false,
                  "pending": false,
                  "context": null,
                  "code": "userForm.test_Mobile_Number_Field(\"958541423\");",
                  "err": {},
                  "uuid": "c6f8407f-6253-4ca2-aa3a-f3da93cbae0a",
                  "parentUUID": "5aff8127-d997-48d4-ac95-e56f36f0bf1f",
                  "isHook": false,
                  "skipped": false
                },
                {
                  "title": "Mobile Number->Length-10 Allowed",
                  "fullTitle": "User Form Test Cases Mobile Number Field Test Cases Mobile Number->Length-10 Allowed",
                  "timedOut": null,
                  "duration": 807,
                  "state": "passed",
                  "speed": "fast",
                  "pass": true,
                  "fail": false,
                  "pending": false,
                  "context": null,
                  "code": "userForm.test_Mobile_Number_Field(\"9585414237\");",
                  "err": {},
                  "uuid": "3a2b270e-14be-4fc8-a579-e0c697ad5878",
                  "parentUUID": "5aff8127-d997-48d4-ac95-e56f36f0bf1f",
                  "isHook": false,
                  "skipped": false
                },
                {
                  "title": "Mobile Number->Length-10,start with 0 Not Allowed",
                  "fullTitle": "User Form Test Cases Mobile Number Field Test Cases Mobile Number->Length-10,start with 0 Not Allowed",
                  "timedOut": null,
                  "duration": 811,
                  "state": "passed",
                  "speed": "fast",
                  "pass": true,
                  "fail": false,
                  "pending": false,
                  "context": null,
                  "code": "userForm.test_Mobile_Number_Field(\"0123456789\");",
                  "err": {},
                  "uuid": "1483d277-9c25-42c2-8a53-8f5c196d3494",
                  "parentUUID": "5aff8127-d997-48d4-ac95-e56f36f0bf1f",
                  "isHook": false,
                  "skipped": false
                },
                {
                  "title": "Mobile Number->Length-10,start with 1 Not Allowed",
                  "fullTitle": "User Form Test Cases Mobile Number Field Test Cases Mobile Number->Length-10,start with 1 Not Allowed",
                  "timedOut": null,
                  "duration": 786,
                  "state": "passed",
                  "speed": "fast",
                  "pass": true,
                  "fail": false,
                  "pending": false,
                  "context": null,
                  "code": "userForm.test_Mobile_Number_Field(\"1234567890\");",
                  "err": {},
                  "uuid": "833fc3ba-eab4-48c7-9856-a85b6d80a004",
                  "parentUUID": "5aff8127-d997-48d4-ac95-e56f36f0bf1f",
                  "isHook": false,
                  "skipped": false
                },
                {
                  "title": "Mobile Number->Length-10,start with 2 Not Allowed",
                  "fullTitle": "User Form Test Cases Mobile Number Field Test Cases Mobile Number->Length-10,start with 2 Not Allowed",
                  "timedOut": null,
                  "duration": 835,
                  "state": "passed",
                  "speed": "fast",
                  "pass": true,
                  "fail": false,
                  "pending": false,
                  "context": null,
                  "code": "userForm.test_Mobile_Number_Field(\"2345678901\");",
                  "err": {},
                  "uuid": "563d7a98-24f9-4da4-9d9e-fccf16df5285",
                  "parentUUID": "5aff8127-d997-48d4-ac95-e56f36f0bf1f",
                  "isHook": false,
                  "skipped": false
                },
                {
                  "title": "Mobile Number->Length-10,start with 3 Not Allowed",
                  "fullTitle": "User Form Test Cases Mobile Number Field Test Cases Mobile Number->Length-10,start with 3 Not Allowed",
                  "timedOut": null,
                  "duration": 841,
                  "state": "passed",
                  "speed": "fast",
                  "pass": true,
                  "fail": false,
                  "pending": false,
                  "context": null,
                  "code": "userForm.test_Mobile_Number_Field(\"3456789012\");",
                  "err": {},
                  "uuid": "b9f10756-f5be-4bbe-8756-0814425cda09",
                  "parentUUID": "5aff8127-d997-48d4-ac95-e56f36f0bf1f",
                  "isHook": false,
                  "skipped": false
                },
                {
                  "title": "Mobile Number->Length-10,start with 4 Not Allowed",
                  "fullTitle": "User Form Test Cases Mobile Number Field Test Cases Mobile Number->Length-10,start with 4 Not Allowed",
                  "timedOut": null,
                  "duration": 860,
                  "state": "passed",
                  "speed": "fast",
                  "pass": true,
                  "fail": false,
                  "pending": false,
                  "context": null,
                  "code": "userForm.test_Mobile_Number_Field(\"4567890123\");",
                  "err": {},
                  "uuid": "44dc0864-bc3a-4c0b-8f70-a892d16411c1",
                  "parentUUID": "5aff8127-d997-48d4-ac95-e56f36f0bf1f",
                  "isHook": false,
                  "skipped": false
                },
                {
                  "title": "Mobile Number->Length-10,start with 5 Not Allowed",
                  "fullTitle": "User Form Test Cases Mobile Number Field Test Cases Mobile Number->Length-10,start with 5 Not Allowed",
                  "timedOut": null,
                  "duration": 1134,
                  "state": "passed",
                  "speed": "fast",
                  "pass": true,
                  "fail": false,
                  "pending": false,
                  "context": null,
                  "code": "userForm.test_Mobile_Number_Field(\"5678901234\");",
                  "err": {},
                  "uuid": "c9eed839-5942-4198-a39f-d05a83b0fc1b",
                  "parentUUID": "5aff8127-d997-48d4-ac95-e56f36f0bf1f",
                  "isHook": false,
                  "skipped": false
                },
                {
                  "title": "Mobile Number->Length<10,start with 6 Not Allowed",
                  "fullTitle": "User Form Test Cases Mobile Number Field Test Cases Mobile Number->Length<10,start with 6 Not Allowed",
                  "timedOut": null,
                  "duration": 1016,
                  "state": "passed",
                  "speed": "fast",
                  "pass": true,
                  "fail": false,
                  "pending": false,
                  "context": null,
                  "code": "userForm.test_Mobile_Number_Field(\"6789123\");",
                  "err": {},
                  "uuid": "0de26aed-8eb8-49f3-84a2-6f4c9367b22a",
                  "parentUUID": "5aff8127-d997-48d4-ac95-e56f36f0bf1f",
                  "isHook": false,
                  "skipped": false
                },
                {
                  "title": "Mobile Number->Length<10,start with 7 Not Allowed",
                  "fullTitle": "User Form Test Cases Mobile Number Field Test Cases Mobile Number->Length<10,start with 7 Not Allowed",
                  "timedOut": null,
                  "duration": 1179,
                  "state": "passed",
                  "speed": "fast",
                  "pass": true,
                  "fail": false,
                  "pending": false,
                  "context": null,
                  "code": "userForm.test_Mobile_Number_Field(\"78912754\");",
                  "err": {},
                  "uuid": "903c43fb-9550-4b36-bb7e-6600e868404f",
                  "parentUUID": "5aff8127-d997-48d4-ac95-e56f36f0bf1f",
                  "isHook": false,
                  "skipped": false
                },
                {
                  "title": "Mobile Number->Length<10,start with 8 Not Allowed",
                  "fullTitle": "User Form Test Cases Mobile Number Field Test Cases Mobile Number->Length<10,start with 8 Not Allowed",
                  "timedOut": null,
                  "duration": 930,
                  "state": "passed",
                  "speed": "fast",
                  "pass": true,
                  "fail": false,
                  "pending": false,
                  "context": null,
                  "code": "userForm.test_Mobile_Number_Field(\"87461\");",
                  "err": {},
                  "uuid": "643f57ac-db34-4a6d-becd-bd830bc49830",
                  "parentUUID": "5aff8127-d997-48d4-ac95-e56f36f0bf1f",
                  "isHook": false,
                  "skipped": false
                },
                {
                  "title": "Mobile Number->Length<10,start with 9 Not Allowed",
                  "fullTitle": "User Form Test Cases Mobile Number Field Test Cases Mobile Number->Length<10,start with 9 Not Allowed",
                  "timedOut": null,
                  "duration": 1019,
                  "state": "passed",
                  "speed": "fast",
                  "pass": true,
                  "fail": false,
                  "pending": false,
                  "context": null,
                  "code": "userForm.test_Mobile_Number_Field(\"957824177\");",
                  "err": {},
                  "uuid": "c947522f-c13f-42e5-95cd-776dec38754e",
                  "parentUUID": "5aff8127-d997-48d4-ac95-e56f36f0bf1f",
                  "isHook": false,
                  "skipped": false
                },
                {
                  "title": "Mobile Number->Length=10,start with 6,Captital Letters Not Allowed",
                  "fullTitle": "User Form Test Cases Mobile Number Field Test Cases Mobile Number->Length=10,start with 6,Captital Letters Not Allowed",
                  "timedOut": null,
                  "duration": 1305,
                  "state": "passed",
                  "speed": "fast",
                  "pass": true,
                  "fail": false,
                  "pending": false,
                  "context": null,
                  "code": "userForm.test_Mobile_Number_Field(\"695A824B1C\");",
                  "err": {},
                  "uuid": "4ac8eb8f-d95e-4ae2-8545-8461565977cc",
                  "parentUUID": "5aff8127-d997-48d4-ac95-e56f36f0bf1f",
                  "isHook": false,
                  "skipped": false
                },
                {
                  "title": "Mobile Number->Length=10,start with 7,Captital Letters Not Allowed",
                  "fullTitle": "User Form Test Cases Mobile Number Field Test Cases Mobile Number->Length=10,start with 7,Captital Letters Not Allowed",
                  "timedOut": null,
                  "duration": 1378,
                  "state": "passed",
                  "speed": "fast",
                  "pass": true,
                  "fail": false,
                  "pending": false,
                  "context": null,
                  "code": "userForm.test_Mobile_Number_Field(\"7ER578DCV1\");",
                  "err": {},
                  "uuid": "34f10767-70df-4d0a-b2d3-0d07d4201dc9",
                  "parentUUID": "5aff8127-d997-48d4-ac95-e56f36f0bf1f",
                  "isHook": false,
                  "skipped": false
                },
                {
                  "title": "Mobile Number->Length=10,start with 8,Captital Letters Not Allowed",
                  "fullTitle": "User Form Test Cases Mobile Number Field Test Cases Mobile Number->Length=10,start with 8,Captital Letters Not Allowed",
                  "timedOut": null,
                  "duration": 949,
                  "state": "passed",
                  "speed": "fast",
                  "pass": true,
                  "fail": false,
                  "pending": false,
                  "context": null,
                  "code": "userForm.test_Mobile_Number_Field(\"8G578DCV1A\");",
                  "err": {},
                  "uuid": "027aa289-7bfe-4721-9dfb-62ea82a26d54",
                  "parentUUID": "5aff8127-d997-48d4-ac95-e56f36f0bf1f",
                  "isHook": false,
                  "skipped": false
                },
                {
                  "title": "Mobile Number->Length=10,start with 9,Captital Letters Not Allowed",
                  "fullTitle": "User Form Test Cases Mobile Number Field Test Cases Mobile Number->Length=10,start with 9,Captital Letters Not Allowed",
                  "timedOut": null,
                  "duration": 1017,
                  "state": "passed",
                  "speed": "fast",
                  "pass": true,
                  "fail": false,
                  "pending": false,
                  "context": null,
                  "code": "userForm.test_Mobile_Number_Field(\"9SD8258AW7\");",
                  "err": {},
                  "uuid": "3f7ad4b9-1bbb-4134-8a5b-d098d679ebae",
[...]
                          "err": {},
                          "uuid": "4faf2949-a1fb-435b-8f2d-6fc413df91bc",
                          "parentUUID": "2f66b574-a1f6-4538-ac1e-befc4685f37e",
                          "isHook": false,
                          "skipped": false
                        },
                        {
                          "title": "New Password(with Length >= 10)-only Special Characters",
                          "fullTitle": "User Form Test Cases Password Field Test Cases Wrong Combinations for  Password New Password have Length more than or equal to 10 Characters New Password(with Length >= 10)-only Special Characters",
                          "timedOut": null,
                          "duration": 927,
                          "state": "passed",
                          "speed": "fast",
                          "pass": true,
                          "fail": false,
                          "pending": false,
                          "context": null,
                          "code": "userForm.clear_Password_Field();\nuserForm.verify_Password_Field();\nuserForm.pass_false_New_Password_len_true_Field(\"!@#$%^*#@#$%^&*\");\nuserForm.click_on_Register_Btn();",
                          "err": {},
                          "uuid": "0c214d46-da18-4c6a-a6b7-2c90c5b5e540",
                          "parentUUID": "2f66b574-a1f6-4538-ac1e-befc4685f37e",
                          "isHook": false,
                          "skipped": false
                        },
                        {
                          "title": "New Password(with Length >= 10)-Capital and Small Letters",
                          "fullTitle": "User Form Test Cases Password Field Test Cases Wrong Combinations for  Password New Password have Length more than or equal to 10 Characters New Password(with Length >= 10)-Capital and Small Letters",
                          "timedOut": null,
                          "duration": 875,
                          "state": "passed",
                          "speed": "fast",
                          "pass": true,
                          "fail": false,
                          "pending": false,
                          "context": null,
                          "code": "userForm.clear_Password_Field();\nuserForm.verify_Password_Field();\nuserForm.pass_false_New_Password_len_true_Field(\"PASSWORDtesting\");\nuserForm.click_on_Register_Btn();",
                          "err": {},
                          "uuid": "b8dc0078-2efb-46c4-9b42-bc31c6fa8230",
                          "parentUUID": "2f66b574-a1f6-4538-ac1e-befc4685f37e",
                          "isHook": false,
                          "skipped": false
                        },
                        {
                          "title": "New Password(with Length >= 10)-Captital and Numbers",
                          "fullTitle": "User Form Test Cases Password Field Test Cases Wrong Combinations for  Password New Password have Length more than or equal to 10 Characters New Password(with Length >= 10)-Captital and Numbers",
                          "timedOut": null,
                          "duration": 911,
                          "state": "passed",
                          "speed": "fast",
                          "pass": true,
                          "fail": false,
                          "pending": false,
                          "context": null,
                          "code": "userForm.clear_Password_Field();\nuserForm.verify_Password_Field();\nuserForm.pass_false_New_Password_len_true_Field(\"TESTING12345678\");\nuserForm.click_on_Register_Btn();",
                          "err": {},
                          "uuid": "f41428d1-d113-48d5-a5fa-06b00eb68e55",
                          "parentUUID": "2f66b574-a1f6-4538-ac1e-befc4685f37e",
                          "isHook": false,
                          "skipped": false
                        },
                        {
                          "title": "New Password(with Length < 10)-Captial and Special Characters",
                          "fullTitle": "User Form Test Cases Password Field Test Cases Wrong Combinations for  Password New Password have Length more than or equal to 10 Characters New Password(with Length < 10)-Captial and Special Characters",
                          "timedOut": null,
                          "duration": 913,
                          "state": "passed",
                          "speed": "fast",
                          "pass": true,
                          "fail": false,
                          "pending": false,
                          "context": null,
                          "code": "userForm.clear_Password_Field();\nuserForm.verify_Password_Field();\nuserForm.pass_false_New_Password_len_true_Field(\"TESTING@#$$%^&@#\");\nuserForm.click_on_Register_Btn();",
                          "err": {},
                          "uuid": "91f5a71c-a84c-4bab-a579-6d87b9f321d9",
                          "parentUUID": "2f66b574-a1f6-4538-ac1e-befc4685f37e",
                          "isHook": false,
                          "skipped": false
                        },
                        {
                          "title": "New Password(with Length >= 10)-Small Letters and Numbers",
                          "fullTitle": "User Form Test Cases Password Field Test Cases Wrong Combinations for  Password New Password have Length more than or equal to 10 Characters New Password(with Length >= 10)-Small Letters and Numbers",
                          "timedOut": null,
                          "duration": 966,
                          "state": "passed",
                          "speed": "fast",
                          "pass": true,
                          "fail": false,
                          "pending": false,
                          "context": null,
                          "code": "userForm.clear_Password_Field();\nuserForm.verify_Password_Field();\nuserForm.pass_false_New_Password_len_true_Field(\"testing123456789\");\nuserForm.click_on_Register_Btn();",
                          "err": {},
                          "uuid": "e1ceb87f-5865-4123-a549-082f3be1a863",
                          "parentUUID": "2f66b574-a1f6-4538-ac1e-befc4685f37e",
                          "isHook": false,
                          "skipped": false
                        },
                        {
                          "title": "New Password(with Length >= 10)-Small Letters and Special Characters",
                          "fullTitle": "User Form Test Cases Password Field Test Cases Wrong Combinations for  Password New Password have Length more than or equal to 10 Characters New Password(with Length >= 10)-Small Letters and Special Characters",
                          "timedOut": null,
                          "duration": 910,
                          "state": "passed",
                          "speed": "fast",
                          "pass": true,
                          "fail": false,
                          "pending": false,
                          "context": null,
                          "code": "userForm.clear_Password_Field();\nuserForm.verify_Password_Field();\nuserForm.pass_false_New_Password_len_true_Field(\"testing@#$%@#$@#\");\nuserForm.click_on_Register_Btn();",
                          "err": {},
                          "uuid": "521b3c9c-f263-43c0-b5d6-411ca55bfbc8",
                          "parentUUID": "2f66b574-a1f6-4538-ac1e-befc4685f37e",
                          "isHook": false,
                          "skipped": false
                        },
                        {
                          "title": "New Password(with Length >= 10)-Numbers and Special Characters",
                          "fullTitle": "User Form Test Cases Password Field Test Cases Wrong Combinations for  Password New Password have Length more than or equal to 10 Characters New Password(with Length >= 10)-Numbers and Special Characters",
                          "timedOut": null,
                          "duration": 889,
                          "state": "passed",
                          "speed": "fast",
                          "pass": true,
                          "fail": false,
                          "pending": false,
                          "context": null,
                          "code": "userForm.clear_Password_Field();\nuserForm.verify_Password_Field();\nuserForm.pass_false_New_Password_len_true_Field(\"123456789@#$@#$%\");\nuserForm.click_on_Register_Btn();",
                          "err": {},
                          "uuid": "af5603ce-660a-4cbf-acc1-6d34d3b5043d",
                          "parentUUID": "2f66b574-a1f6-4538-ac1e-befc4685f37e",
                          "isHook": false,
                          "skipped": false
                        }
                      ],
                      "suites": [],
                      "passes": [
                        "c3bcb3f0-beeb-4c20-8e9c-ae31b7df903b",
                        "0586ecd9-7612-4206-96a6-ae85d27414d0",
                        "4faf2949-a1fb-435b-8f2d-6fc413df91bc",
                        "0c214d46-da18-4c6a-a6b7-2c90c5b5e540",
                        "b8dc0078-2efb-46c4-9b42-bc31c6fa8230",
                        "f41428d1-d113-48d5-a5fa-06b00eb68e55",
                        "91f5a71c-a84c-4bab-a579-6d87b9f321d9",
                        "e1ceb87f-5865-4123-a549-082f3be1a863",
                        "521b3c9c-f263-43c0-b5d6-411ca55bfbc8",
                        "af5603ce-660a-4cbf-acc1-6d34d3b5043d"
                      ],
                      "failures": [],
                      "pending": [],
                      "skipped": [],
                      "duration": 9630,
                      "root": false,
                      "rootEmpty": false,
                      "_timeout": 2000
                    }
                  ],
                  "passes": [],
                  "failures": [],
                  "pending": [],
                  "skipped": [],
                  "duration": 0,
                  "root": false,
                  "rootEmpty": false,
                  "_timeout": 2000
                },
                {
                  "uuid": "a9714d4b-a85c-4e4e-8f83-67ab6c18edee",
                  "title": "Right Combinations for New Password",
                  "fullFile": "",
                  "file": "",
                  "beforeHooks": [],
                  "afterHooks": [],
                  "tests": [],
                  "suites": [
                    {
                      "uuid": "9743844a-b460-4148-a425-745e55e5c80a",
                      "title": "New Password have Length less than 10 Characters--->Save Button Disable",
                      "fullFile": "",
                      "file": "",
                      "beforeHooks": [],
                      "afterHooks": [],
                      "tests": [
                        {
                          "title": "New Password(with Length < 10)-Capital,small,Number,Special Characters",
                          "fullTitle": "User Form Test Cases Password Field Test Cases Right Combinations for New Password New Password have Length less than 10 Characters--->Save Button Disable New Password(with Length < 10)-Capital,small,Number,Special Characters",
                          "timedOut": null,
                          "duration": 746,
                          "state": "passed",
                          "speed": "fast",
                          "pass": true,
                          "fail": false,
                          "pending": false,
                          "context": null,
                          "code": "userForm.clear_Password_Field();\nuserForm.verify_Password_Field();\nuserForm.pass_false_New_Password_len_false_Field(\"Tes@12\");\nuserForm.click_on_Register_Btn();",
                          "err": {},
                          "uuid": "b69707ac-e7da-417c-9cac-1e66fcb69681",
                          "parentUUID": "9743844a-b460-4148-a425-745e55e5c80a",
                          "isHook": false,
                          "skipped": false
                        }
                      ],
                      "suites": [],
                      "passes": [
                        "b69707ac-e7da-417c-9cac-1e66fcb69681"
                      ],
                      "failures": [],
                      "pending": [],
                      "skipped": [],
                      "duration": 746,
                      "root": false,
                      "rootEmpty": false,
                      "_timeout": 2000
                    },
                    {
                      "uuid": "339f4e8f-5a47-4a1d-a6d6-3cd375086fdf",
                      "title": "Right New Password",
                      "fullFile": "",
                      "file": "",
                      "beforeHooks": [],
                      "afterHooks": [],
                      "tests": [
                        {
                          "title": "New Password(with Length >= 10)-Capital,small,Number,Special Characters",
                          "fullTitle": "User Form Test Cases Password Field Test Cases Right Combinations for New Password Right New Password New Password(with Length >= 10)-Capital,small,Number,Special Characters",
                          "timedOut": null,
                          "duration": 869,
                          "state": "passed",
                          "speed": "fast",
                          "pass": true,
                          "fail": false,
                          "pending": false,
                          "context": null,
                          "code": "userForm.clear_Password_Field();\nuserForm.verify_Password_Field();\nuserForm.pass_true_New_Password_len_true_Field(\"Test@123#Demo\");\nuserForm.click_on_Register_Btn();",
                          "err": {},
                          "uuid": "82f86c4b-bcf1-44f0-ba2d-4f0c9a97a322",
                          "parentUUID": "339f4e8f-5a47-4a1d-a6d6-3cd375086fdf",
                          "isHook": false,
                          "skipped": false
                        }
                      ],
                      "suites": [],
                      "passes": [
                        "82f86c4b-bcf1-44f0-ba2d-4f0c9a97a322"
                      ],
                      "failures": [],
                      "pending": [],
                      "skipped": [],
                      "duration": 869,
                      "root": false,
                      "rootEmpty": false,
                      "_timeout": 2000
                    }
                  ],
                  "passes": [],
                  "failures": [],
                  "pending": [],
                  "skipped": [],
                  "duration": 0,
                  "root": false,
                  "rootEmpty": false,
                  "_timeout": 2000
                }
              ],
              "passes": [
                "eebe0883-b2c3-476b-bab6-7196d3fe2d0e"
              ],
              "failures": [],
              "pending": [],
              "skipped": [],
              "duration": 401,
              "root": false,
              "rootEmpty": false,
              "_timeout": 2000
            },
            {
              "uuid": "6c6535de-3ef2-49e9-a23f-939a7fbf007e",
              "title": "Confirm Password Field Test Cases",
              "fullFile": "",
              "file": "",
              "beforeHooks": [],
              "afterHooks": [],
              "tests": [
                {
                  "title": "Confirm Password->Not Empty Field",
                  "fullTitle": "User Form Test Cases Confirm Password Field Test Cases Confirm Password->Not Empty Field",
                  "timedOut": null,
                  "duration": 337,
                  "state": "passed",
                  "speed": "fast",
                  "pass": true,
                  "fail": false,
                  "pending": false,
                  "context": null,
                  "code": "userForm.verify_Confirm_Password_Label();\nuserForm.click_on_Register_Btn();",
                  "err": {},
                  "uuid": "6bade848-4343-47a2-aa6f-7513bf39893e",
                  "parentUUID": "6c6535de-3ef2-49e9-a23f-939a7fbf007e",
                  "isHook": false,
                  "skipped": false
                },
                {
                  "title": "Enter Value--Save Button Disable(Password Conditions Not Fullfilled)",
                  "fullTitle": "User Form Test Cases Confirm Password Field Test Cases Enter Value--Save Button Disable(Password Conditions Not Fullfilled)",
                  "timedOut": null,
                  "duration": 783,
                  "state": "passed",
                  "speed": "fast",
                  "pass": true,
                  "fail": false,
                  "pending": false,
                  "context": null,
                  "code": "userForm.verify_Confirm_Password_Label();\nuserForm.check_Confirm_Password_Field(\"Password@#12\");\nuserForm.click_on_Register_Btn();",
                  "err": {},
                  "uuid": "f8f2b16a-012e-421c-861e-4c2b439c8547",
                  "parentUUID": "6c6535de-3ef2-49e9-a23f-939a7fbf007e",
                  "isHook": false,
                  "skipped": false
                },
                {
                  "title": "Enter Value--Save Button Enable(Password Conditions Not Fullfilled)",
                  "fullTitle": "User Form Test Cases Confirm Password Field Test Cases Enter Value--Save Button Enable(Password Conditions Not Fullfilled)",
                  "timedOut": null,
                  "duration": 803,
                  "state": "passed",
                  "speed": "fast",
                  "pass": true,
                  "fail": false,
                  "pending": false,
                  "context": null,
                  "code": "userForm.verify_Confirm_Password_Label();\nuserForm.check_Confirm_Password_Field(\"Test@123#Demo\");\nuserForm.click_on_Register_Btn();",
                  "err": {},
                  "uuid": "b6062904-1a6f-4754-946b-a55b92e7982a",
                  "parentUUID": "6c6535de-3ef2-49e9-a23f-939a7fbf007e",
                  "isHook": false,
                  "skipped": false
                }
              ],
              "suites": [],
              "passes": [
                "6bade848-4343-47a2-aa6f-7513bf39893e",
                "f8f2b16a-012e-421c-861e-4c2b439c8547",
                "b6062904-1a6f-4754-946b-a55b92e7982a"
              ],
              "failures": [],
              "pending": [],
              "skipped": [],
              "duration": 1923,
              "root": false,
              "rootEmpty": false,
              "_timeout": 2000
            }
          ],
          "passes": [
            "a35a3640-7ecc-4efd-ae50-880ce33cbaa4"
          ],
          "failures": [],
          "pending": [],
          "skipped": [],
          "duration": 1489,
          "root": false,
          "rootEmpty": false,
          "_timeout": 2000
        }
      ],
      "passes": [],
      "failures": [],
      "pending": [],
      "skipped": [],
      "duration": 0,
      "root": true,
      "rootEmpty": true,
      "_timeout": 2000
    }
  ],
  "meta": {
    "mocha": {
      "version": "7.0.1"
    },
    "mochawesome": {
      "options": {
        "quiet": false,
        "reportFilename": "mochawesome",
        "saveHtml": true,
        "saveJson": true,
        "consoleReporter": "spec",
        "useInlineDiffs": false,
        "code": true
      },
      "version": "7.1.3"
    },
    "marge": {
      "options": null,
      "version": "6.2.0"
    }
  }
}
